2023-11-12T08:39:40+00:00 CRITICAL Maximum execution time of 60 seconds exceeded в C:\OSPanel\domains\mySite\wp-includes\Requests\src\Transport\Curl.php на строке 534

2023-11-12T10:51:31+00:00 CRITICAL syntax error, unexpected 'var' (T_VAR), expecting end of file в C:\OSPanel\domains\mySite\wp-content\themes\my\functions.php на строке 12

2023-11-12T10:51:33+00:00 CRITICAL syntax error, unexpected 'var' (T_VAR), expecting end of file в C:\OSPanel\domains\mySite\wp-content\themes\my\functions.php на строке 12

2023-11-12T10:51:55+00:00 CRITICAL syntax error, unexpected 'var' (T_VAR), expecting end of file в C:\OSPanel\domains\mySite\wp-content\themes\my\functions.php на строке 12

2023-11-12T10:51:56+00:00 CRITICAL syntax error, unexpected 'var' (T_VAR), expecting end of file в C:\OSPanel\domains\mySite\wp-content\themes\my\functions.php на строке 12

2023-11-12T10:51:58+00:00 CRITICAL syntax error, unexpected 'var' (T_VAR), expecting end of file в C:\OSPanel\domains\mySite\wp-content\themes\my\functions.php на строке 12

2023-11-12T10:51:59+00:00 CRITICAL syntax error, unexpected 'var' (T_VAR), expecting end of file в C:\OSPanel\domains\mySite\wp-content\themes\my\functions.php на строке 12

2023-11-12T10:52:17+00:00 CRITICAL syntax error, unexpected 'var' (T_VAR), expecting end of file в C:\OSPanel\domains\mySite\wp-content\themes\my\functions.php на строке 12

2023-11-12T10:52:18+00:00 CRITICAL syntax error, unexpected 'var' (T_VAR), expecting end of file в C:\OSPanel\domains\mySite\wp-content\themes\my\functions.php на строке 12

2023-11-12T10:52:50+00:00 CRITICAL Uncaught Error: Call to undefined function querySelector() in C:\OSPanel\domains\mySite\wp-content\themes\my\functions.php:13
Stack trace:
#0 C:\OSPanel\domains\mySite\wp-settings.php(600): include()
#1 C:\OSPanel\domains\mySite\wp-config.php(95): require_once('C:\\OSPanel\\doma...')
#2 C:\OSPanel\domains\mySite\wp-load.php(50): require_once('C:\\OSPanel\\doma...')
#3 C:\OSPanel\domains\mySite\wp-blog-header.php(13): require_once('C:\\OSPanel\\doma...')
#4 C:\OSPanel\domains\mySite\index.php(17): require('C:\\OSPanel\\doma...')
#5 {main}
  thrown в C:\OSPanel\domains\mySite\wp-content\themes\my\functions.php на строке 13

2023-11-12T10:52:51+00:00 CRITICAL Uncaught Error: Call to undefined function querySelector() in C:\OSPanel\domains\mySite\wp-content\themes\my\functions.php:13
Stack trace:
#0 C:\OSPanel\domains\mySite\wp-settings.php(600): include()
#1 C:\OSPanel\domains\mySite\wp-config.php(95): require_once('C:\\OSPanel\\doma...')
#2 C:\OSPanel\domains\mySite\wp-load.php(50): require_once('C:\\OSPanel\\doma...')
#3 C:\OSPanel\domains\mySite\wp-blog-header.php(13): require_once('C:\\OSPanel\\doma...')
#4 C:\OSPanel\domains\mySite\index.php(17): require('C:\\OSPanel\\doma...')
#5 {main}
  thrown в C:\OSPanel\domains\mySite\wp-content\themes\my\functions.php на строке 13

2023-11-12T10:55:00+00:00 CRITICAL Uncaught Error: Call to undefined function querySelector() in C:\OSPanel\domains\mySite\wp-content\themes\my\functions.php:13
Stack trace:
#0 C:\OSPanel\domains\mySite\wp-settings.php(600): include()
#1 C:\OSPanel\domains\mySite\wp-config.php(95): require_once('C:\\OSPanel\\doma...')
#2 C:\OSPanel\domains\mySite\wp-load.php(50): require_once('C:\\OSPanel\\doma...')
#3 C:\OSPanel\domains\mySite\wp-admin\admin-ajax.php(22): require_once('C:\\OSPanel\\doma...')
#4 {main}
  thrown в C:\OSPanel\domains\mySite\wp-content\themes\my\functions.php на строке 13

2023-11-12T11:04:55+00:00 CRITICAL Uncaught Error: Call to undefined function get_as_directory_uri() in C:\OSPanel\domains\mySite\wp-content\themes\my\functions.php:18
Stack trace:
#0 C:\OSPanel\domains\mySite\wp-includes\class-wp-hook.php(310): enqueue_custom_scripts()
#1 C:\OSPanel\domains\mySite\wp-includes\class-wp-hook.php(334): WP_Hook->apply_filters()
#2 C:\OSPanel\domains\mySite\wp-includes\plugin.php(517): WP_Hook->do_action()
#3 C:\OSPanel\domains\mySite\wp-includes\script-loader.php(2225): do_action()
#4 C:\OSPanel\domains\mySite\wp-includes\class-wp-hook.php(310): wp_enqueue_scripts()
#5 C:\OSPanel\domains\mySite\wp-includes\class-wp-hook.php(334): WP_Hook->apply_filters()
#6 C:\OSPanel\domains\mySite\wp-includes\plugin.php(517): WP_Hook->do_action()
#7 C:\OSPanel\domains\mySite\wp-includes\general-template.php(3053): do_action()
#8 C:\OSPanel\domains\mySite\wp-content\themes\my\header.php(16): wp_head()
#9 C:\OSPanel\domains\mySite\wp-includes\template.php(785): require_once('C:\\OSPanel\\doma...')
#10 C:\OSPanel\domains\mySite\wp в C:\OSPanel\domains\mySite\wp-content\themes\my\functions.php на строке 18

2023-11-12T18:42:28+00:00 CRITICAL Maximum execution time of 60 seconds exceeded в C:\OSPanel\domains\mySite\wp-includes\Requests\src\Transport\Curl.php на строке 534

